<?xml version="1.0" encoding="UTF-8"?>
<testsuite xmlns:xsi="http://www.w3.org/2001/XMLSchema-instance" xsi:noNamespaceSchemaLocation="https://maven.apache.org/surefire/maven-surefire-plugin/xsd/surefire-test-report-3.0.xsd" version="3.0" name="com.example.bdd.RunCucumberTest" time="1.966" tests="4" errors="0" skipped="0" failures="0">
  <properties>
[...]
</properties>
  <testcase name="Création d&apos;un ticket valide" classname="Gestion des tickets de support" time="0.25">
    <system-out><![CDATA[2026-06-12T15:46:37.178+02:00  INFO 38930 --- [           main] t.c.s.AnnotationConfigContextLoaderUtils : Could not detect default configuration classes for test class [com.example.bdd.CucumberSpringConfiguration]: CucumberSpringConfiguration does not declare any static, non-private, non-final, nested classes annotated with @Configuration.
2026-06-12T15:46:37.200+02:00  INFO 38930 --- [           main] .b.t.c.SpringBootTestContextBootstrapper : Found @SpringBootConfiguration com.example.Application for test class com.example.bdd.CucumberSpringConfiguration

Scenario: Création d'un ticket valide                                      &amp#27;[90m# features/tickets.feature:6&amp#27;[0m
  &amp#27;[32mWhen &amp#27;[0m&amp#27;[32mje crée un ticket &amp#27;[0m&amp#27;[32m&amp#27;[1m"Ecran bleu au demarrage"&amp#27;[0m&amp#27;[32m avec la priorité &amp#27;[0m&amp#27;[32m&amp#27;[1m"HIGH"&amp#27;[0m &amp#27;[90m# com.example.bdd.TicketStepDefinitions.jeCreeUnTicket(java.lang.String,java.lang.String)&amp#27;[0m
  &amp#27;[32mThen &amp#27;[0m&amp#27;[32mla réponse a le statut HTTP &amp#27;[0m&amp#27;[32m&amp#27;[1m201&amp#27;[0m                                     &amp#27;[90m# com.example.bdd.TicketStepDefinitions.laReponseALeStatutHttp(int)&amp#27;[0m
  &amp#27;[32mAnd &amp#27;[0m&amp#27;[32mle ticket retourné a le statut &amp#27;[0m&amp#27;[32m&amp#27;[1m"OPEN"&amp#27;[0m                                &amp#27;[90m# com.example.bdd.TicketStepDefinitions.leTicketRetourneALeStatut(java.lang.String)&amp#27;[0m
]]></system-out>
  </testcase>
  <testcase name="Résolution d&apos;un ticket" classname="Gestion des tickets de support" time="0.033">
    <system-out><![CDATA[2026-06-12T15:46:37.368+02:00  INFO 38930 --- [           main] t.c.s.AnnotationConfigContextLoaderUtils : Could not detect default configuration classes for test class [com.example.bdd.CucumberSpringConfiguration]: CucumberSpringConfiguration does not declare any static, non-private, non-final, nested classes annotated with @Configuration.
2026-06-12T15:46:37.371+02:00  INFO 38930 --- [           main] .b.t.c.SpringBootTestContextBootstrapper : Found @SpringBootConfiguration com.example.Application for test class com.example.bdd.CucumberSpringConfiguration

Scenario: Résolution d'un ticket                                  &amp#27;[90m# features/tickets.feature:11&amp#27;[0m
  &amp#27;[32mGiven &amp#27;[0m&amp#27;[32mun ticket &amp#27;[0m&amp#27;[32m&amp#27;[1m"Imprimante en panne"&amp#27;[0m&amp#27;[32m avec la priorité &amp#27;[0m&amp#27;[32m&amp#27;[1m"MEDIUM"&amp#27;[0m &amp#27;[90m# com.example.bdd.TicketStepDefinitions.unTicketAvecLaPriorite(java.lang.String,java.lang.String)&amp#27;[0m
  &amp#27;[32mWhen &amp#27;[0m&amp#27;[32mje passe ce ticket au statut &amp#27;[0m&amp#27;[32m&amp#27;[1m"RESOLVED"&amp#27;[0m                    &amp#27;[90m# com.example.bdd.TicketStepDefinitions.jePasseCeTicketAuStatut(java.lang.String)&amp#27;[0m
  &amp#27;[32mThen &amp#27;[0m&amp#27;[32mla réponse a le statut HTTP &amp#27;[0m&amp#27;[32m&amp#27;[1m200&amp#27;[0m                            &amp#27;[90m# com.example.bdd.TicketStepDefinitions.laReponseALeStatutHttp(int)&amp#27;[0m
  &amp#27;[32mAnd &amp#27;[0m&amp#27;[32mle ticket retourné a le statut &amp#27;[0m&amp#27;[32m&amp#27;[1m"RESOLVED"&amp#27;[0m                   &amp#27;[90m# com.example.bdd.TicketStepDefinitions.leTicketRetourneALeStatut(java.lang.String)&amp#27;[0m
]]></system-out>
  </testcase>
  <testcase name="Refus de modification d&apos;un ticket déjà résolu" classname="Gestion des tickets de support" time="0.037">
    <system-out><![CDATA[2026-06-12T15:46:37.401+02:00  INFO 38930 --- [           main] t.c.s.AnnotationConfigContextLoaderUtils : Could not detect default configuration classes for test class [com.example.bdd.CucumberSpringConfiguration]: CucumberSpringConfiguration does not declare any static, non-private, non-final, nested classes annotated with @Configuration.
2026-06-12T15:46:37.405+02:00  INFO 38930 --- [           main] .b.t.c.SpringBootTestContextBootstrapper : Found @SpringBootConfiguration com.example.Application for test class com.example.bdd.CucumberSpringConfiguration

Scenario: Refus de modification d'un ticket déjà résolu  &amp#27;[90m# features/tickets.feature:17&amp#27;[0m
  &amp#27;[32mGiven &amp#27;[0m&amp#27;[32mun ticket &amp#27;[0m&amp#27;[32m&amp#27;[1m"Souris cassee"&amp#27;[0m&amp#27;[32m avec la priorité &amp#27;[0m&amp#27;[32m&amp#27;[1m"LOW"&amp#27;[0m &amp#27;[90m# com.example.bdd.TicketStepDefinitions.unTicketAvecLaPriorite(java.lang.String,java.lang.String)&amp#27;[0m
  &amp#27;[32mAnd &amp#27;[0m&amp#27;[32mce ticket est déjà au statut &amp#27;[0m&amp#27;[32m&amp#27;[1m"RESOLVED"&amp#27;[0m            &amp#27;[90m# com.example.bdd.TicketStepDefinitions.ceTicketEstDejaAuStatut(java.lang.String)&amp#27;[0m
  &amp#27;[32mWhen &amp#27;[0m&amp#27;[32mje passe ce ticket au statut &amp#27;[0m&amp#27;[32m&amp#27;[1m"IN_PROGRESS"&amp#27;[0m        &amp#27;[90m# com.example.bdd.TicketStepDefinitions.jePasseCeTicketAuStatut(java.lang.String)&amp#27;[0m
  &amp#27;[32mThen &amp#27;[0m&amp#27;[32mla réponse a le statut HTTP &amp#27;[0m&amp#27;[32m&amp#27;[1m409&amp#27;[0m                   &amp#27;[90m# com.example.bdd.TicketStepDefinitions.laReponseALeStatutHttp(int)&amp#27;[0m
]]></system-out>
  </testcase>
  <testcase name="Consultation d&apos;un ticket inexistant" classname="Gestion des tickets de support" time="0.026">
    <system-out><![CDATA[2026-06-12T15:46:37.441+02:00  INFO 38930 --- [           main] t.c.s.AnnotationConfigContextLoaderUtils : Could not detect default configuration classes for test class [com.example.bdd.CucumberSpringConfiguration]: CucumberSpringConfiguration does not declare any static, non-private, non-final, nested classes annotated with @Configuration.
2026-06-12T15:46:37.445+02:00  INFO 38930 --- [           main] .b.t.c.SpringBootTestContextBootstrapper : Found @SpringBootConfiguration com.example.Application for test class com.example.bdd.CucumberSpringConfiguration

Scenario: Consultation d'un ticket inexistant &amp#27;[90m# features/tickets.feature:23&amp#27;[0m
  &amp#27;[32mWhen &amp#27;[0m&amp#27;[32mje consulte le ticket &amp#27;[0m&amp#27;[32m&amp#27;[1m999&amp#27;[0m              &amp#27;[90m# com.example.bdd.TicketStepDefinitions.jeConsulteLeTicket(int)&amp#27;[0m
  &amp#27;[32mThen &amp#27;[0m&amp#27;[32mla réponse a le statut HTTP &amp#27;[0m&amp#27;[32m&amp#27;[1m404&amp#27;[0m        &amp#27;[90m# com.example.bdd.TicketStepDefinitions.laReponseALeStatutHttp(int)&amp#27;[0m
]]></system-out>
  </testcase>
</testsuite>