<?xml version="1.0" encoding="UTF-8"?>
<testsuite xmlns:xsi="http://www.w3.org/2001/XMLSchema-instance" xsi:noNamespaceSchemaLocation="https://maven.apache.org/surefire/maven-surefire-plugin/xsd/surefire-test-report.xsd" version="3.0.2" name="com.example.RunCucumberTest" time="1.821" tests="7" errors="0" skipped="0" failures="0">
  <properties>
[...]
</properties>
  <testcase name="Réservation acceptée" classname="Réservation de salle acceptée" time="1.192">
    <system-out><![CDATA[
Scénario: Réservation acceptée                                                                                &amp#27;[90m# features/reservation_acceptee.feature:7&amp#27;[0m
  &amp#27;[32mÉtant donné &amp#27;[0m&amp#27;[32mune salle &amp#27;[0m&amp#27;[32m&amp#27;[1m"S1"&amp#27;[0m&amp#27;[32m nommée &amp#27;[0m&amp#27;[32m&amp#27;[1m"Réunion A"&amp#27;[0m&amp#27;[32m avec une capacité de &amp#27;[0m&amp#27;[32m&amp#27;[1m10&amp#27;[0m                                       &amp#27;[90m# com.example.ReservationStepDefinitions.uneSalle(java.lang.String,java.lang.String,int)&amp#27;[0m
  &amp#27;[32mQuand &amp#27;[0m&amp#27;[32m&amp#27;[0m&amp#27;[32m&amp#27;[1m"user@mail.com"&amp#27;[0m&amp#27;[32m réserve la salle &amp#27;[0m&amp#27;[32m&amp#27;[1m"S1"&amp#27;[0m&amp#27;[32m pour &amp#27;[0m&amp#27;[32m&amp#27;[1m5&amp#27;[0m&amp#27;[32m participants du &amp#27;[0m&amp#27;[32m&amp#27;[1m"2026-01-01T10:00"&amp#27;[0m&amp#27;[32m au &amp#27;[0m&amp#27;[32m&amp#27;[1m"2026-01-01T11:00"&amp#27;[0m &amp#27;[90m# com.example.ReservationStepDefinitions.reserve(java.lang.String,java.lang.String,int,java.lang.String,java.lang.String)&amp#27;[0m
  &amp#27;[32mAlors &amp#27;[0m&amp#27;[32mla réservation est acceptée&amp#27;[0m                                                                           &amp#27;[90m# com.example.ReservationStepDefinitions.laReservationEstAcceptee()&amp#27;[0m
  &amp#27;[32mEt &amp#27;[0m&amp#27;[32mune confirmation est envoyée&amp#27;[0m                                                                             &amp#27;[90m# com.example.ReservationStepDefinitions.uneConfirmationEstEnvoyee()&amp#27;[0m
]]></system-out>
    <system-err><![CDATA[Mockito is currently self-attaching to enable the inline-mock-maker. This will no longer work in future releases of the JDK. Please add Mockito as an agent to your build what is described in Mockito's documentation: https://javadoc.io/doc/org.mockito/mockito-core/latest/org/mockito/Mockito.html#0.3
WARNING: A Java agent has been loaded dynamically (/home/axel/.m2/repository/net/bytebuddy/byte-buddy-agent/1.15.4/byte-buddy-agent-1.15.4.jar)
WARNING: If a serviceability tool is in use, please run with -XX:+EnableDynamicAgentLoading to hide this warning
WARNING: If a serviceability tool is not in use, please run with -Djdk.instrument.traceUsage for more information
WARNING: Dynamic loading of agents will be disallowed by default in a future release
]]></system-err>
  </testcase>
  <testcase name="Réservation acceptée à capacité maximale" classname="Réservation de salle acceptée" time="0.018">
    <system-out><![CDATA[
Scénario: Réservation acceptée à capacité maximale                                                             &amp#27;[90m# features/reservation_acceptee.feature:12&amp#27;[0m
  &amp#27;[32mÉtant donné &amp#27;[0m&amp#27;[32mune salle &amp#27;[0m&amp#27;[32m&amp#27;[1m"S1"&amp#27;[0m&amp#27;[32m nommée &amp#27;[0m&amp#27;[32m&amp#27;[1m"Réunion A"&amp#27;[0m&amp#27;[32m avec une capacité de &amp#27;[0m&amp#27;[32m&amp#27;[1m10&amp#27;[0m                                        &amp#27;[90m# com.example.ReservationStepDefinitions.uneSalle(java.lang.String,java.lang.String,int)&amp#27;[0m
  &amp#27;[32mQuand &amp#27;[0m&amp#27;[32m&amp#27;[0m&amp#27;[32m&amp#27;[1m"user@mail.com"&amp#27;[0m&amp#27;[32m réserve la salle &amp#27;[0m&amp#27;[32m&amp#27;[1m"S1"&amp#27;[0m&amp#27;[32m pour &amp#27;[0m&amp#27;[32m&amp#27;[1m10&amp#27;[0m&amp#27;[32m participants du &amp#27;[0m&amp#27;[32m&amp#27;[1m"2026-01-01T10:00"&amp#27;[0m&amp#27;[32m au &amp#27;[0m&amp#27;[32m&amp#27;[1m"2026-01-01T11:00"&amp#27;[0m &amp#27;[90m# com.example.ReservationStepDefinitions.reserve(java.lang.String,java.lang.String,int,java.lang.String,java.lang.String)&amp#27;[0m
  &amp#27;[32mAlors &amp#27;[0m&amp#27;[32mla réservation est acceptée&amp#27;[0m                                                                            &amp#27;[90m# com.example.ReservationStepDefinitions.laReservationEstAcceptee()&amp#27;[0m
  &amp#27;[32mEt &amp#27;[0m&amp#27;[32mune confirmation est envoyée&amp#27;[0m                                                                              &amp#27;[90m# com.example.ReservationStepDefinitions.uneConfirmationEstEnvoyee()&amp#27;[0m
]]></system-out>
  </testcase>
  <testcase name="Réservation acceptée si le créneau commence après une réservation existante" classname="Réservation de salle acceptée" time="0.019">
    <system-out><![CDATA[
Scénario: Réservation acceptée si le créneau commence après une réservation existante                         &amp#27;[90m# features/reservation_acceptee.feature:17&amp#27;[0m
  &amp#27;[32mÉtant donné &amp#27;[0m&amp#27;[32mune salle &amp#27;[0m&amp#27;[32m&amp#27;[1m"S1"&amp#27;[0m&amp#27;[32m nommée &amp#27;[0m&amp#27;[32m&amp#27;[1m"Réunion A"&amp#27;[0m&amp#27;[32m avec une capacité de &amp#27;[0m&amp#27;[32m&amp#27;[1m10&amp#27;[0m                                       &amp#27;[90m# com.example.ReservationStepDefinitions.uneSalle(java.lang.String,java.lang.String,int)&amp#27;[0m
  &amp#27;[32mÉtant donné &amp#27;[0m&amp#27;[32mune réservation existante sur la salle &amp#27;[0m&amp#27;[32m&amp#27;[1m"S1"&amp#27;[0m&amp#27;[32m du &amp#27;[0m&amp#27;[32m&amp#27;[1m"2026-01-01T09:00"&amp#27;[0m&amp#27;[32m au &amp#27;[0m&amp#27;[32m&amp#27;[1m"2026-01-01T10:00"&amp#27;[0m         &amp#27;[90m# com.example.ReservationStepDefinitions.uneReservationExistante(java.lang.String,java.lang.String,java.lang.String)&amp#27;[0m
  &amp#27;[32mQuand &amp#27;[0m&amp#27;[32m&amp#27;[0m&amp#27;[32m&amp#27;[1m"user@mail.com"&amp#27;[0m&amp#27;[32m réserve la salle &amp#27;[0m&amp#27;[32m&amp#27;[1m"S1"&amp#27;[0m&amp#27;[32m pour &amp#27;[0m&amp#27;[32m&amp#27;[1m4&amp#27;[0m&amp#27;[32m participants du &amp#27;[0m&amp#27;[32m&amp#27;[1m"2026-01-01T10:00"&amp#27;[0m&amp#27;[32m au &amp#27;[0m&amp#27;[32m&amp#27;[1m"2026-01-01T11:00"&amp#27;[0m &amp#27;[90m# com.example.ReservationStepDefinitions.reserve(java.lang.String,java.lang.String,int,java.lang.String,java.lang.String)&amp#27;[0m
  &amp#27;[32mAlors &amp#27;[0m&amp#27;[32mla réservation est acceptée&amp#27;[0m                                                                           &amp#27;[90m# com.example.ReservationStepDefinitions.laReservationEstAcceptee()&amp#27;[0m
  &amp#27;[32mEt &amp#27;[0m&amp#27;[32mune confirmation est envoyée&amp#27;[0m                                                                             &amp#27;[90m# com.example.ReservationStepDefinitions.uneConfirmationEstEnvoyee()&amp#27;[0m
]]></system-out>
  </testcase>
  <testcase name="Réservation refusée si la salle est inconnue" classname="Réservation de salle refusée" time="0.018">
    <system-out><![CDATA[
Scénario: Réservation refusée si la salle est inconnue                                                              &amp#27;[90m# features/reservation_refusee.feature:4&amp#27;[0m
  &amp#27;[32mÉtant donné &amp#27;[0m&amp#27;[32maucune salle pour le code &amp#27;[0m&amp#27;[32m&amp#27;[1m"INCONNUE"&amp#27;[0m                                                                  &amp#27;[90m# com.example.ReservationStepDefinitions.aucuneSalle(java.lang.String)&amp#27;[0m
  &amp#27;[32mQuand &amp#27;[0m&amp#27;[32m&amp#27;[0m&amp#27;[32m&amp#27;[1m"user@mail.com"&amp#27;[0m&amp#27;[32m réserve la salle &amp#27;[0m&amp#27;[32m&amp#27;[1m"INCONNUE"&amp#27;[0m&amp#27;[32m pour &amp#27;[0m&amp#27;[32m&amp#27;[1m3&amp#27;[0m&amp#27;[32m participants du &amp#27;[0m&amp#27;[32m&amp#27;[1m"2026-01-01T10:00"&amp#27;[0m&amp#27;[32m au &amp#27;[0m&amp#27;[32m&amp#27;[1m"2026-01-01T11:00"&amp#27;[0m &amp#27;[90m# com.example.ReservationStepDefinitions.reserve(java.lang.String,java.lang.String,int,java.lang.String,java.lang.String)&amp#27;[0m
  &amp#27;[32mAlors &amp#27;[0m&amp#27;[32mla réservation est refusée&amp#27;[0m                                                                                  &amp#27;[90m# com.example.ReservationStepDefinitions.laReservationEstRefusee()&amp#27;[0m
  &amp#27;[32mEt &amp#27;[0m&amp#27;[32mle message de refus contient &amp#27;[0m&amp#27;[32m&amp#27;[1m"Salle inconnue"&amp#27;[0m                                                                  &amp#27;[90m# com.example.ReservationStepDefinitions.leMessageDeRefusContient(java.lang.String)&amp#27;[0m
  &amp#27;[32mEt &amp#27;[0m&amp#27;[32maucune confirmation n'est envoyée&amp#27;[0m                                                                              &amp#27;[90m# com.example.ReservationStepDefinitions.aucuneConfirmationNestEnvoyee()&amp#27;[0m
]]></system-out>
  </testcase>
  <testcase name="Réservation refusée si la capacité est insuffisante" classname="Réservation de salle refusée" time="0.009">
    <system-out><![CDATA[
Scénario: Réservation refusée si la capacité est insuffisante                                                  &amp#27;[90m# features/reservation_refusee.feature:11&amp#27;[0m
  &amp#27;[32mÉtant donné &amp#27;[0m&amp#27;[32mune salle &amp#27;[0m&amp#27;[32m&amp#27;[1m"S1"&amp#27;[0m&amp#27;[32m nommée &amp#27;[0m&amp#27;[32m&amp#27;[1m"Réunion A"&amp#27;[0m&amp#27;[32m avec une capacité de &amp#27;[0m&amp#27;[32m&amp#27;[1m10&amp#27;[0m                                        &amp#27;[90m# com.example.ReservationStepDefinitions.uneSalle(java.lang.String,java.lang.String,int)&amp#27;[0m
  &amp#27;[32mQuand &amp#27;[0m&amp#27;[32m&amp#27;[0m&amp#27;[32m&amp#27;[1m"user@mail.com"&amp#27;[0m&amp#27;[32m réserve la salle &amp#27;[0m&amp#27;[32m&amp#27;[1m"S1"&amp#27;[0m&amp#27;[32m pour &amp#27;[0m&amp#27;[32m&amp#27;[1m11&amp#27;[0m&amp#27;[32m participants du &amp#27;[0m&amp#27;[32m&amp#27;[1m"2026-01-01T10:00"&amp#27;[0m&amp#27;[32m au &amp#27;[0m&amp#27;[32m&amp#27;[1m"2026-01-01T11:00"&amp#27;[0m &amp#27;[90m# com.example.ReservationStepDefinitions.reserve(java.lang.String,java.lang.String,int,java.lang.String,java.lang.String)&amp#27;[0m
  &amp#27;[32mAlors &amp#27;[0m&amp#27;[32mla réservation est refusée&amp#27;[0m                                                                             &amp#27;[90m# com.example.ReservationStepDefinitions.laReservationEstRefusee()&amp#27;[0m
  &amp#27;[32mEt &amp#27;[0m&amp#27;[32mle message de refus contient &amp#27;[0m&amp#27;[32m&amp#27;[1m"Capacité insuffisante"&amp#27;[0m                                                      &amp#27;[90m# com.example.ReservationStepDefinitions.leMessageDeRefusContient(java.lang.String)&amp#27;[0m
  &amp#27;[32mEt &amp#27;[0m&amp#27;[32maucune confirmation n'est envoyée&amp#27;[0m                                                                         &amp#27;[90m# com.example.ReservationStepDefinitions.aucuneConfirmationNestEnvoyee()&amp#27;[0m
]]></system-out>
  </testcase>
  <testcase name="Réservation refusée si la période est invalide" classname="Réservation de salle refusée" time="0.008">
    <system-out><![CDATA[
Scénario: Réservation refusée si la période est invalide                                                      &amp#27;[90m# features/reservation_refusee.feature:18&amp#27;[0m
  &amp#27;[32mÉtant donné &amp#27;[0m&amp#27;[32mune salle &amp#27;[0m&amp#27;[32m&amp#27;[1m"S1"&amp#27;[0m&amp#27;[32m nommée &amp#27;[0m&amp#27;[32m&amp#27;[1m"Réunion A"&amp#27;[0m&amp#27;[32m avec une capacité de &amp#27;[0m&amp#27;[32m&amp#27;[1m10&amp#27;[0m                                       &amp#27;[90m# com.example.ReservationStepDefinitions.uneSalle(java.lang.String,java.lang.String,int)&amp#27;[0m
  &amp#27;[32mQuand &amp#27;[0m&amp#27;[32m&amp#27;[0m&amp#27;[32m&amp#27;[1m"user@mail.com"&amp#27;[0m&amp#27;[32m réserve la salle &amp#27;[0m&amp#27;[32m&amp#27;[1m"S1"&amp#27;[0m&amp#27;[32m pour &amp#27;[0m&amp#27;[32m&amp#27;[1m5&amp#27;[0m&amp#27;[32m participants du &amp#27;[0m&amp#27;[32m&amp#27;[1m"2026-01-01T11:00"&amp#27;[0m&amp#27;[32m au &amp#27;[0m&amp#27;[32m&amp#27;[1m"2026-01-01T10:00"&amp#27;[0m &amp#27;[90m# com.example.ReservationStepDefinitions.reserve(java.lang.String,java.lang.String,int,java.lang.String,java.lang.String)&amp#27;[0m
  &amp#27;[32mAlors &amp#27;[0m&amp#27;[32mla réservation est refusée&amp#27;[0m                                                                            &amp#27;[90m# com.example.ReservationStepDefinitions.laReservationEstRefusee()&amp#27;[0m
  &amp#27;[32mEt &amp#27;[0m&amp#27;[32mle message de refus contient &amp#27;[0m&amp#27;[32m&amp#27;[1m"Période invalide"&amp#27;[0m                                                          &amp#27;[90m# com.example.ReservationStepDefinitions.leMessageDeRefusContient(java.lang.String)&amp#27;[0m
  &amp#27;[32mEt &amp#27;[0m&amp#27;[32maucune confirmation n'est envoyée&amp#27;[0m                                                                        &amp#27;[90m# com.example.ReservationStepDefinitions.aucuneConfirmationNestEnvoyee()&amp#27;[0m
]]></system-out>
  </testcase>
  <testcase name="Réservation refusée si le créneau est déjà occupé" classname="Réservation de salle refusée" time="0.009">
    <system-out><![CDATA[
Scénario: Réservation refusée si le créneau est déjà occupé                                                   &amp#27;[90m# features/reservation_refusee.feature:25&amp#27;[0m
  &amp#27;[32mÉtant donné &amp#27;[0m&amp#27;[32mune salle &amp#27;[0m&amp#27;[32m&amp#27;[1m"S1"&amp#27;[0m&amp#27;[32m nommée &amp#27;[0m&amp#27;[32m&amp#27;[1m"Réunion A"&amp#27;[0m&amp#27;[32m avec une capacité de &amp#27;[0m&amp#27;[32m&amp#27;[1m10&amp#27;[0m                                       &amp#27;[90m# com.example.ReservationStepDefinitions.uneSalle(java.lang.String,java.lang.String,int)&amp#27;[0m
  &amp#27;[32mEt &amp#27;[0m&amp#27;[32mune réservation existante sur la salle &amp#27;[0m&amp#27;[32m&amp#27;[1m"S1"&amp#27;[0m&amp#27;[32m du &amp#27;[0m&amp#27;[32m&amp#27;[1m"2026-01-01T10:00"&amp#27;[0m&amp#27;[32m au &amp#27;[0m&amp#27;[32m&amp#27;[1m"2026-01-01T12:00"&amp#27;[0m                  &amp#27;[90m# com.example.ReservationStepDefinitions.uneReservationExistante(java.lang.String,java.lang.String,java.lang.String)&amp#27;[0m
  &amp#27;[32mQuand &amp#27;[0m&amp#27;[32m&amp#27;[0m&amp#27;[32m&amp#27;[1m"user@mail.com"&amp#27;[0m&amp#27;[32m réserve la salle &amp#27;[0m&amp#27;[32m&amp#27;[1m"S1"&amp#27;[0m&amp#27;[32m pour &amp#27;[0m&amp#27;[32m&amp#27;[1m5&amp#27;[0m&amp#27;[32m participants du &amp#27;[0m&amp#27;[32m&amp#27;[1m"2026-01-01T11:00"&amp#27;[0m&amp#27;[32m au &amp#27;[0m&amp#27;[32m&amp#27;[1m"2026-01-01T13:00"&amp#27;[0m &amp#27;[90m# com.example.ReservationStepDefinitions.reserve(java.lang.String,java.lang.String,int,java.lang.String,java.lang.String)&amp#27;[0m
  &amp#27;[32mAlors &amp#27;[0m&amp#27;[32mla réservation est refusée&amp#27;[0m                                                                            &amp#27;[90m# com.example.ReservationStepDefinitions.laReservationEstRefusee()&amp#27;[0m
  &amp#27;[32mEt &amp#27;[0m&amp#27;[32mle message de refus contient &amp#27;[0m&amp#27;[32m&amp#27;[1m"Conflit de réservation"&amp#27;[0m                                                    &amp#27;[90m# com.example.ReservationStepDefinitions.leMessageDeRefusContient(java.lang.String)&amp#27;[0m
  &amp#27;[32mEt &amp#27;[0m&amp#27;[32maucune confirmation n'est envoyée&amp#27;[0m                                                                        &amp#27;[90m# com.example.ReservationStepDefinitions.aucuneConfirmationNestEnvoyee()&amp#27;[0m
]]></system-out>
  </testcase>
</testsuite>