<?xml version="1.0" encoding="UTF-8"?>
<testsuite xmlns:xsi="http://www.w3.org/2001/XMLSchema-instance" xsi:noNamespaceSchemaLocation="https://maven.apache.org/surefire/maven-surefire-plugin/xsd/surefire-test-report-3.0.xsd" version="3.0" name="com.example.controller.ReservationControllerTest" time="0.352" tests="5" errors="0" skipped="0" failures="0">
  <properties>
[...]
</properties>
  <testcase name="devraitRetourner409EnCasDeChevauchement" classname="com.example.controller.ReservationControllerTest" time="0.012">
    <system-out><![CDATA[2026-06-25T16:13:43.034+02:00  INFO 6302 --- [           main] t.c.s.AnnotationConfigContextLoaderUtils : Could not detect default configuration classes for test class [com.example.controller.ReservationControllerTest]: ReservationControllerTest does not declare any static, non-private, non-final, nested classes annotated with @Configuration.
2026-06-25T16:13:43.048+02:00  INFO 6302 --- [           main] .b.t.c.SpringBootTestContextBootstrapper : Found @SpringBootConfiguration com.example.Application for test class com.example.controller.ReservationControllerTest

  .   ____          _            __ _ _
 /\\ / ___'_ __ _ _(_)_ __  __ _ \ \ \ \
( ( )\___ | '_ | '_| | '_ \/ _` | \ \ \ \
 \\/  ___)| |_)| | | | | || (_| |  ) ) ) )
  '  |____| .__|_| |_|_| |_\__, | / / / /
 =========|_|==============|___/=/_/_/_/

 :: Spring Boot ::                (v3.3.4)

2026-06-25T16:13:43.075+02:00  INFO 6302 --- [           main] c.e.c.ReservationControllerTest          : Starting ReservationControllerTest using Java 21.0.11 with PID 6302 (started by axel in /home/axel/Documents/java/Rendu1905Tests/Exo 12)
2026-06-25T16:13:43.076+02:00  INFO 6302 --- [           main] c.e.c.ReservationControllerTest          : No active profile set, falling back to 1 default profile: "default"
2026-06-25T16:13:43.330+02:00  INFO 6302 --- [           main] o.s.b.t.m.w.SpringBootMockServletContext : Initializing Spring TestDispatcherServlet ''
2026-06-25T16:13:43.330+02:00  INFO 6302 --- [           main] o.s.t.web.servlet.TestDispatcherServlet  : Initializing Servlet ''
2026-06-25T16:13:43.331+02:00  INFO 6302 --- [           main] o.s.t.web.servlet.TestDispatcherServlet  : Completed initialization in 1 ms
2026-06-25T16:13:43.336+02:00  INFO 6302 --- [           main] c.e.c.ReservationControllerTest          : Started ReservationControllerTest in 0.283 seconds (process running for 5.415)
]]></system-out>
  </testcase>
  <testcase name="devraitAnnulerUneReservation" classname="com.example.controller.ReservationControllerTest" time="0.008"/>
  <testcase name="devraitCreerUneReservation" classname="com.example.controller.ReservationControllerTest" time="0.005"/>
  <testcase name="devraitRetourner404QuandLaSalleNexistePas" classname="com.example.controller.ReservationControllerTest" time="0.006"/>
  <testcase name="devraitRetourner404QuandLaReservationNexistePas" classname="com.example.controller.ReservationControllerTest" time="0.005"/>
</testsuite>