<?xml version="1.0" encoding="UTF-8"?>
<testsuite xmlns:xsi="http://www.w3.org/2001/XMLSchema-instance" xsi:noNamespaceSchemaLocation="https://maven.apache.org/surefire/maven-surefire-plugin/xsd/surefire-test-report.xsd" version="3.0.2" name="com.example.RunCucumberTest" time="1.907" tests="5" errors="0" skipped="0" failures="0">
  <properties>
[...]
</properties>
  <testcase name="Commande acceptée pour un client STANDARD" classname="Commande acceptée selon le profil client" time="1.282">
    <system-out><![CDATA[
Scénario: Commande acceptée pour un client STANDARD                                          &amp#27;[90m# features/commande_acceptee.feature:7&amp#27;[0m
  &amp#27;[32mÉtant donné &amp#27;[0m&amp#27;[32mun produit &amp#27;[0m&amp#27;[32m&amp#27;[1m"REF-1"&amp#27;[0m&amp#27;[32m nommé &amp#27;[0m&amp#27;[32m&amp#27;[1m"Clavier"&amp#27;[0m&amp#27;[32m au prix de &amp#27;[0m&amp#27;[32m&amp#27;[1m100.0&amp#27;[0m&amp#27;[32m avec un stock de &amp#27;[0m&amp#27;[32m&amp#27;[1m10&amp#27;[0m        &amp#27;[90m# com.example.CommandeStepDefinitions.unProduit(java.lang.String,java.lang.String,double,int)&amp#27;[0m
  &amp#27;[32mQuand &amp#27;[0m&amp#27;[32mle client &amp#27;[0m&amp#27;[32m&amp#27;[1m"standard@mail.com"&amp#27;[0m&amp#27;[32m commande &amp#27;[0m&amp#27;[32m&amp#27;[1m2&amp#27;[0m&amp#27;[32m unités de &amp#27;[0m&amp#27;[32m&amp#27;[1m"REF-1"&amp#27;[0m&amp#27;[32m avec le profil &amp#27;[0m&amp#27;[32m&amp#27;[1m"STANDARD"&amp#27;[0m &amp#27;[90m# com.example.CommandeStepDefinitions.leClientCommande(java.lang.String,int,java.lang.String,java.lang.String)&amp#27;[0m
  &amp#27;[32mAlors &amp#27;[0m&amp#27;[32mla commande est acceptée&amp#27;[0m                                                             &amp#27;[90m# com.example.CommandeStepDefinitions.laCommandeEstAcceptee()&amp#27;[0m
  &amp#27;[32mEt &amp#27;[0m&amp#27;[32mle montant total est &amp#27;[0m&amp#27;[32m&amp#27;[1m200.0&amp#27;[0m                                                              &amp#27;[90m# com.example.CommandeStepDefinitions.leMontantTotalEst(double)&amp#27;[0m
  &amp#27;[32mEt &amp#27;[0m&amp#27;[32mle reçu concerne la référence &amp#27;[0m&amp#27;[32m&amp#27;[1m"REF-1"&amp#27;[0m&amp#27;[32m avec la quantité &amp#27;[0m&amp#27;[32m&amp#27;[1m2&amp#27;[0m                                &amp#27;[90m# com.example.CommandeStepDefinitions.leRecuConcerne(java.lang.String,int)&amp#27;[0m
  &amp#27;[32mEt &amp#27;[0m&amp#27;[32mle reçu contient un message de confirmation&amp#27;[0m                                             &amp#27;[90m# com.example.CommandeStepDefinitions.leRecuContientUnMessage()&amp#27;[0m
]]></system-out>
    <system-err><![CDATA[Mockito is currently self-attaching to enable the inline-mock-maker. This will no longer work in future releases of the JDK. Please add Mockito as an agent to your build what is described in Mockito's documentation: https://javadoc.io/doc/org.mockito/mockito-core/latest/org/mockito/Mockito.html#0.3
WARNING: A Java agent has been loaded dynamically (/home/axel/.m2/repository/net/bytebuddy/byte-buddy-agent/1.15.4/byte-buddy-agent-1.15.4.jar)
WARNING: If a serviceability tool is in use, please run with -XX:+EnableDynamicAgentLoading to hide this warning
WARNING: If a serviceability tool is not in use, please run with -Djdk.instrument.traceUsage for more information
WARNING: Dynamic loading of agents will be disallowed by default in a future release
]]></system-err>
  </testcase>
  <testcase name="Commande acceptée pour un client PREMIUM" classname="Commande acceptée selon le profil client" time="0.011">
    <system-out><![CDATA[
Scénario: Commande acceptée pour un client PREMIUM                                         &amp#27;[90m# features/commande_acceptee.feature:14&amp#27;[0m
  &amp#27;[32mÉtant donné &amp#27;[0m&amp#27;[32mun produit &amp#27;[0m&amp#27;[32m&amp#27;[1m"REF-1"&amp#27;[0m&amp#27;[32m nommé &amp#27;[0m&amp#27;[32m&amp#27;[1m"Clavier"&amp#27;[0m&amp#27;[32m au prix de &amp#27;[0m&amp#27;[32m&amp#27;[1m100.0&amp#27;[0m&amp#27;[32m avec un stock de &amp#27;[0m&amp#27;[32m&amp#27;[1m10&amp#27;[0m      &amp#27;[90m# com.example.CommandeStepDefinitions.unProduit(java.lang.String,java.lang.String,double,int)&amp#27;[0m
  &amp#27;[32mQuand &amp#27;[0m&amp#27;[32mle client &amp#27;[0m&amp#27;[32m&amp#27;[1m"premium@mail.com"&amp#27;[0m&amp#27;[32m commande &amp#27;[0m&amp#27;[32m&amp#27;[1m2&amp#27;[0m&amp#27;[32m unités de &amp#27;[0m&amp#27;[32m&amp#27;[1m"REF-1"&amp#27;[0m&amp#27;[32m avec le profil &amp#27;[0m&amp#27;[32m&amp#27;[1m"PREMIUM"&amp#27;[0m &amp#27;[90m# com.example.CommandeStepDefinitions.leClientCommande(java.lang.String,int,java.lang.String,java.lang.String)&amp#27;[0m
  &amp#27;[32mAlors &amp#27;[0m&amp#27;[32mla commande est acceptée&amp#27;[0m                                                           &amp#27;[90m# com.example.CommandeStepDefinitions.laCommandeEstAcceptee()&amp#27;[0m
  &amp#27;[32mEt &amp#27;[0m&amp#27;[32mle montant total est &amp#27;[0m&amp#27;[32m&amp#27;[1m180.0&amp#27;[0m                                                            &amp#27;[90m# com.example.CommandeStepDefinitions.leMontantTotalEst(double)&amp#27;[0m
]]></system-out>
  </testcase>
  <testcase name="Commande acceptée pour un client VIP" classname="Commande acceptée selon le profil client" time="0.01">
    <system-out><![CDATA[
Scénario: Commande acceptée pour un client VIP                                        &amp#27;[90m# features/commande_acceptee.feature:19&amp#27;[0m
  &amp#27;[32mÉtant donné &amp#27;[0m&amp#27;[32mun produit &amp#27;[0m&amp#27;[32m&amp#27;[1m"REF-1"&amp#27;[0m&amp#27;[32m nommé &amp#27;[0m&amp#27;[32m&amp#27;[1m"Clavier"&amp#27;[0m&amp#27;[32m au prix de &amp#27;[0m&amp#27;[32m&amp#27;[1m100.0&amp#27;[0m&amp#27;[32m avec un stock de &amp#27;[0m&amp#27;[32m&amp#27;[1m10&amp#27;[0m &amp#27;[90m# com.example.CommandeStepDefinitions.unProduit(java.lang.String,java.lang.String,double,int)&amp#27;[0m
  &amp#27;[32mQuand &amp#27;[0m&amp#27;[32mle client &amp#27;[0m&amp#27;[32m&amp#27;[1m"vip@mail.com"&amp#27;[0m&amp#27;[32m commande &amp#27;[0m&amp#27;[32m&amp#27;[1m2&amp#27;[0m&amp#27;[32m unités de &amp#27;[0m&amp#27;[32m&amp#27;[1m"REF-1"&amp#27;[0m&amp#27;[32m avec le profil &amp#27;[0m&amp#27;[32m&amp#27;[1m"VIP"&amp#27;[0m    &amp#27;[90m# com.example.CommandeStepDefinitions.leClientCommande(java.lang.String,int,java.lang.String,java.lang.String)&amp#27;[0m
  &amp#27;[32mAlors &amp#27;[0m&amp#27;[32mla commande est acceptée&amp#27;[0m                                                      &amp#27;[90m# com.example.CommandeStepDefinitions.laCommandeEstAcceptee()&amp#27;[0m
  &amp#27;[32mEt &amp#27;[0m&amp#27;[32mle montant total est &amp#27;[0m&amp#27;[32m&amp#27;[1m160.0&amp#27;[0m                                                       &amp#27;[90m# com.example.CommandeStepDefinitions.leMontantTotalEst(double)&amp#27;[0m
]]></system-out>
  </testcase>
  <testcase name="Commande refusée si le produit est inconnu" classname="Commande refusée" time="0.011">
    <system-out><![CDATA[
Scénario: Commande refusée si le produit est inconnu                                              &amp#27;[90m# features/commande_refusee.feature:4&amp#27;[0m
  &amp#27;[32mÉtant donné &amp#27;[0m&amp#27;[32maucun produit pour la référence &amp#27;[0m&amp#27;[32m&amp#27;[1m"REF-INCONNUE"&amp#27;[0m                                      &amp#27;[90m# com.example.CommandeStepDefinitions.aucunProduit(java.lang.String)&amp#27;[0m
  &amp#27;[32mQuand &amp#27;[0m&amp#27;[32mle client &amp#27;[0m&amp#27;[32m&amp#27;[1m"client@mail.com"&amp#27;[0m&amp#27;[32m commande &amp#27;[0m&amp#27;[32m&amp#27;[1m1&amp#27;[0m&amp#27;[32m unités de &amp#27;[0m&amp#27;[32m&amp#27;[1m"REF-INCONNUE"&amp#27;[0m&amp#27;[32m avec le profil &amp#27;[0m&amp#27;[32m&amp#27;[1m"STANDARD"&amp#27;[0m &amp#27;[90m# com.example.CommandeStepDefinitions.leClientCommande(java.lang.String,int,java.lang.String,java.lang.String)&amp#27;[0m
  &amp#27;[32mAlors &amp#27;[0m&amp#27;[32mla commande est refusée&amp#27;[0m                                                                   &amp#27;[90m# com.example.CommandeStepDefinitions.laCommandeEstRefusee()&amp#27;[0m
  &amp#27;[32mEt &amp#27;[0m&amp#27;[32mle message de refus contient &amp#27;[0m&amp#27;[32m&amp#27;[1m"Produit inconnu"&amp#27;[0m                                               &amp#27;[90m# com.example.CommandeStepDefinitions.leMessageDeRefusContient(java.lang.String)&amp#27;[0m
]]></system-out>
  </testcase>
  <testcase name="Commande refusée si le stock est insuffisant" classname="Commande refusée" time="0.009">
    <system-out><![CDATA[
Scénario: Commande refusée si le stock est insuffisant                                     &amp#27;[90m# features/commande_refusee.feature:10&amp#27;[0m
  &amp#27;[32mÉtant donné &amp#27;[0m&amp#27;[32mun produit &amp#27;[0m&amp#27;[32m&amp#27;[1m"REF-2"&amp#27;[0m&amp#27;[32m nommé &amp#27;[0m&amp#27;[32m&amp#27;[1m"Souris"&amp#27;[0m&amp#27;[32m au prix de &amp#27;[0m&amp#27;[32m&amp#27;[1m50.0&amp#27;[0m&amp#27;[32m avec un stock de &amp#27;[0m&amp#27;[32m&amp#27;[1m3&amp#27;[0m         &amp#27;[90m# com.example.CommandeStepDefinitions.unProduit(java.lang.String,java.lang.String,double,int)&amp#27;[0m
  &amp#27;[32mQuand &amp#27;[0m&amp#27;[32mle client &amp#27;[0m&amp#27;[32m&amp#27;[1m"client@mail.com"&amp#27;[0m&amp#27;[32m commande &amp#27;[0m&amp#27;[32m&amp#27;[1m5&amp#27;[0m&amp#27;[32m unités de &amp#27;[0m&amp#27;[32m&amp#27;[1m"REF-2"&amp#27;[0m&amp#27;[32m avec le profil &amp#27;[0m&amp#27;[32m&amp#27;[1m"STANDARD"&amp#27;[0m &amp#27;[90m# com.example.CommandeStepDefinitions.leClientCommande(java.lang.String,int,java.lang.String,java.lang.String)&amp#27;[0m
  &amp#27;[32mAlors &amp#27;[0m&amp#27;[32mla commande est refusée&amp#27;[0m                                                            &amp#27;[90m# com.example.CommandeStepDefinitions.laCommandeEstRefusee()&amp#27;[0m
  &amp#27;[32mEt &amp#27;[0m&amp#27;[32mle message de refus contient &amp#27;[0m&amp#27;[32m&amp#27;[1m"Stock insuffisant"&amp#27;[0m                                      &amp#27;[90m# com.example.CommandeStepDefinitions.leMessageDeRefusContient(java.lang.String)&amp#27;[0m
]]></system-out>
  </testcase>
</testsuite>